2024-04-10 23:05:15,744 | INFO | __main__ | 



2024-04-10 23:05:15,744 | INFO | __main__ | Starting main program...
2024-04-10 23:05:15,750 | DEBUG | __main__ | Audio capture and processing wrapper started.
2024-04-10 23:05:15,751 | INFO | __main__ | Audio capture thread started.
2024-04-10 23:05:15,751 | DEBUG | root | Audio Stream Processor initialized | Sample Rate: 32000, Chunk Duration = 0.5 seconds
2024-04-10 23:05:15,751 | DEBUG | recorder.audio_buffer | AudioBuffer initialized with buffer duration: 40 secs, sample rate: 32000
2024-04-10 23:05:15,754 | INFO | recorder.audio_segment_manager | Audio segment manager initialized.
2024-04-10 23:05:15,764 | INFO | __main__ | Transcription worker process started.
2024-04-10 23:05:15,776 | INFO | recorder.audio_capture_processor | Audio stream opened successfully. Recording started.
2024-04-10 23:05:21,314 | DEBUG | __mp_main__ | Worker main function started.
2024-04-10 23:05:21,314 | DEBUG | asyncio | Using proactor: IocpProactor
2024-04-10 23:05:21,317 | DEBUG | __mp_main__ | Transcription worker started.
2024-04-10 23:05:21,318 | DEBUG | transcriber.transcriber_service | Transcriber service initialized.
2024-04-10 23:05:21,319 | DEBUG | transcriber.transcriber_service | Loading Whisper model: base
2024-04-10 23:05:21,324 | DEBUG | utils.load_model | Attempting to load the Whisper model: base
2024-04-10 23:05:23,473 | INFO | utils.load_model | Whisper model base loaded successfully.
2024-04-10 23:05:23,474 | INFO | utils.load_model | CUDA not available, loaded Whisper model onto CPU.
2024-04-10 23:05:23,474 | INFO | transcriber.transcriber_service | Whisper model loaded successfully.
2024-04-10 23:05:23,474 | DEBUG | __mp_main__ | Transcriber model loaded.
2024-04-10 23:05:23,474 | DEBUG | __mp_main__ | Waiting for file_path from queue...
2024-04-10 23:07:19,291 | INFO | recorder.audio_segment_manager | Speech detected for the first time.
2024-04-10 23:07:26,298 | INFO | recorder.audio_segment_manager | ###### Speech Finish Time: 2024-04-10 22:07:26.298393
2024-04-10 23:07:26,299 | DEBUG | recorder.audio_segment_manager | Created filename for recording: data\recordings\2024-04-10_23-07-26.wav
2024-04-10 23:07:26,316 | INFO | recorder.audio_segment_manager | Audio segment saved: data\recordings\2024-04-10_23-07-26.wav
2024-04-10 23:07:26,322 | INFO | recorder.audio_segment_manager | Buffer saved to Transcription Queue | File Path: data\recordings\2024-04-10_23-07-26.wav
2024-04-10 23:07:26,324 | INFO | recorder.audio_segment_manager | Buffer sent for transcription | Buffer Length: 6.5 seconds
2024-04-10 23:07:26,324 | DEBUG | __mp_main__ | Received file_path from queue: ('data\\recordings\\2024-04-10_23-07-26.wav', datetime.datetime(2024, 4, 10, 22, 7, 26, 298393), 6.5)
2024-04-10 23:07:26,324 | DEBUG | recorder.audio_buffer | Clearing audio buffer
2024-04-10 23:07:26,324 | DEBUG | transcriber.transcriber_service | Starting transcription for file: data\recordings\2024-04-10_23-07-26.wav
2024-04-10 23:07:26,325 | DEBUG | recorder.audio_segment_manager | Audio buffer reset after processing.
2024-04-10 23:07:26,325 | DEBUG | transcriber.transcriber_service | Processing audio file: data\recordings\2024-04-10_23-07-26.wav
2024-04-10 23:07:27,945 | INFO | transcriber.transcriber_service | Audio file processed successfully.
2024-04-10 23:07:32,682 | INFO | transcriber.transcriber_service | ###### Transcription Finish Time: 2024-04-10 22:07:32.682596
2024-04-10 23:07:32,683 | INFO | transcriber.transcriber_service | ###### Speech End Time: 2024-04-10 22:07:26.298393
2024-04-10 23:07:32,683 | INFO | transcriber.transcriber_service | ###### Transcription time: 0:00:06.384203 seconds
2024-04-10 23:07:32,683 | INFO | transcriber.transcriber_service | ###### Transcription result: describe a complex deal you successfully closed. What were the challenges and how did you overcome them?
2024-04-10 23:07:32,684 | DEBUG | transcriber.transcriber_service | Sending data to Supabase API at http://192.168.1.26:8000/rest/v1/transcriptions_table
2024-04-10 23:07:32,684 | DEBUG | transcriber.transcriber_service | Request Headers: {'apikey': 'eyJhbGciOiJIUzI1NiIsInR5cCI6IkpXVCJ9.ewogICJyb2xlIjogInNlcnZpY2Vfcm9sZSIsCiAgImlzcyI6ICJzdXBhYmFzZSIsCiAgImlhdCI6IDE3MDY5MTg0MDAsCiAgImV4cCI6IDE4NjQ3NzEyMDAKfQ.I6ZIUDFnXtjzNjkLPj_1B8BThU9ZdrNaZhXpG-5_KeA', 'Authorization': 'Bearer eyJhbGciOiJIUzI1NiIsInR5cCI6IkpXVCJ9.ewogICJyb2xlIjogInNlcnZpY2Vfcm9sZSIsCiAgImlzcyI6ICJzdXBhYmFzZSIsCiAgImlhdCI6IDE3MDY5MTg0MDAsCiAgImV4cCI6IDE4NjQ3NzEyMDAKfQ.I6ZIUDFnXtjzNjkLPj_1B8BThU9ZdrNaZhXpG-5_KeA', 'Content-Type': 'application/json', 'Prefer': 'return=minimal'}
2024-04-10 23:07:32,684 | DEBUG | transcriber.transcriber_service | Request Payload: {"content": "describe a complex deal you successfully closed. What were the challenges and how did you overcome them?", "speech_end_timestamp": "2024-04-10T22:07:26.298393", "transcription_time": 6.384203}
2024-04-10 23:07:32,701 | DEBUG | urllib3.connectionpool | Starting new HTTP connection (1): 192.168.1.26:8000
2024-04-10 23:07:33,804 | DEBUG | urllib3.connectionpool | http://192.168.1.26:8000 "POST /rest/v1/transcriptions_table HTTP/1.1" 201 None
2024-04-10 23:07:33,807 | DEBUG | transcriber.transcriber_service | Response Status Code: 201
2024-04-10 23:07:33,808 | DEBUG | transcriber.transcriber_service | Response Body: 
2024-04-10 23:07:33,818 | DEBUG | __mp_main__ | Transcription for data\recordings\2024-04-10_23-07-26.wav completed.
2024-04-10 23:07:33,818 | DEBUG | __mp_main__ | Waiting for file_path from queue...
2024-04-10 23:09:23,300 | INFO | recorder.audio_segment_manager | Speech detected for the first time.
2024-04-10 23:09:29,289 | INFO | recorder.audio_segment_manager | ###### Speech Finish Time: 2024-04-10 22:09:29.289457
2024-04-10 23:09:29,289 | DEBUG | recorder.audio_segment_manager | Created filename for recording: data\recordings\2024-04-10_23-09-29.wav
2024-04-10 23:09:29,298 | INFO | recorder.audio_segment_manager | Audio segment saved: data\recordings\2024-04-10_23-09-29.wav
2024-04-10 23:09:29,300 | INFO | recorder.audio_segment_manager | Buffer saved to Transcription Queue | File Path: data\recordings\2024-04-10_23-09-29.wav
2024-04-10 23:09:29,300 | INFO | recorder.audio_segment_manager | Buffer sent for transcription | Buffer Length: 5.5 seconds
2024-04-10 23:09:29,301 | DEBUG | recorder.audio_buffer | Clearing audio buffer
2024-04-10 23:09:29,300 | DEBUG | __mp_main__ | Received file_path from queue: ('data\\recordings\\2024-04-10_23-09-29.wav', datetime.datetime(2024, 4, 10, 22, 9, 29, 289457), 5.5)
2024-04-10 23:09:29,301 | DEBUG | recorder.audio_segment_manager | Audio buffer reset after processing.
2024-04-10 23:09:29,302 | DEBUG | transcriber.transcriber_service | Starting transcription for file: data\recordings\2024-04-10_23-09-29.wav
2024-04-10 23:09:29,302 | DEBUG | transcriber.transcriber_service | Processing audio file: data\recordings\2024-04-10_23-09-29.wav
2024-04-10 23:09:29,608 | INFO | transcriber.transcriber_service | Audio file processed successfully.
2024-04-10 23:09:32,995 | INFO | transcriber.transcriber_service | ###### Transcription Finish Time: 2024-04-10 22:09:32.995555
2024-04-10 23:09:32,995 | INFO | transcriber.transcriber_service | ###### Speech End Time: 2024-04-10 22:09:29.289457
2024-04-10 23:09:32,996 | INFO | transcriber.transcriber_service | ###### Transcription time: 0:00:03.706098 seconds
2024-04-10 23:09:32,996 | INFO | transcriber.transcriber_service | ###### Transcription result: What are some of the current trends or key challenges that enterprise businesses face in regards to tax compliance?
2024-04-10 23:09:33,003 | DEBUG | transcriber.transcriber_service | Sending data to Supabase API at http://192.168.1.26:8000/rest/v1/transcriptions_table
2024-04-10 23:09:33,004 | DEBUG | transcriber.transcriber_service | Request Headers: {'apikey': 'eyJhbGciOiJIUzI1NiIsInR5cCI6IkpXVCJ9.ewogICJyb2xlIjogInNlcnZpY2Vfcm9sZSIsCiAgImlzcyI6ICJzdXBhYmFzZSIsCiAgImlhdCI6IDE3MDY5MTg0MDAsCiAgImV4cCI6IDE4NjQ3NzEyMDAKfQ.I6ZIUDFnXtjzNjkLPj_1B8BThU9ZdrNaZhXpG-5_KeA', 'Authorization': 'Bearer eyJhbGciOiJIUzI1NiIsInR5cCI6IkpXVCJ9.ewogICJyb2xlIjogInNlcnZpY2Vfcm9sZSIsCiAgImlzcyI6ICJzdXBhYmFzZSIsCiAgImlhdCI6IDE3MDY5MTg0MDAsCiAgImV4cCI6IDE4NjQ3NzEyMDAKfQ.I6ZIUDFnXtjzNjkLPj_1B8BThU9ZdrNaZhXpG-5_KeA', 'Content-Type': 'application/json', 'Prefer': 'return=minimal'}
2024-04-10 23:09:33,005 | DEBUG | transcriber.transcriber_service | Request Payload: {"content": "What are some of the current trends or key challenges that enterprise businesses face in regards to tax compliance?", "speech_end_timestamp": "2024-04-10T22:09:29.289457", "transcription_time": 3.706098}
2024-04-10 23:09:33,012 | DEBUG | urllib3.connectionpool | Starting new HTTP connection (1): 192.168.1.26:8000
2024-04-10 23:09:33,158 | DEBUG | urllib3.connectionpool | http://192.168.1.26:8000 "POST /rest/v1/transcriptions_table HTTP/1.1" 201 None
2024-04-10 23:09:33,159 | DEBUG | transcriber.transcriber_service | Response Status Code: 201
2024-04-10 23:09:33,159 | DEBUG | transcriber.transcriber_service | Response Body: 
2024-04-10 23:09:33,160 | DEBUG | __mp_main__ | Transcription for data\recordings\2024-04-10_23-09-29.wav completed.
2024-04-10 23:09:33,160 | DEBUG | __mp_main__ | Waiting for file_path from queue...
2024-04-10 23:10:18,299 | INFO | recorder.audio_segment_manager | Speech detected for the first time.
2024-04-10 23:10:24,799 | INFO | recorder.audio_segment_manager | ###### Speech Finish Time: 2024-04-10 22:10:24.798407
2024-04-10 23:10:24,799 | DEBUG | recorder.audio_segment_manager | Created filename for recording: data\recordings\2024-04-10_23-10-24.wav
2024-04-10 23:10:24,810 | INFO | recorder.audio_segment_manager | Audio segment saved: data\recordings\2024-04-10_23-10-24.wav
2024-04-10 23:10:24,810 | INFO | recorder.audio_segment_manager | Buffer saved to Transcription Queue | File Path: data\recordings\2024-04-10_23-10-24.wav
2024-04-10 23:10:24,811 | INFO | recorder.audio_segment_manager | Buffer sent for transcription | Buffer Length: 5.5 seconds
2024-04-10 23:10:24,812 | DEBUG | __mp_main__ | Received file_path from queue: ('data\\recordings\\2024-04-10_23-10-24.wav', datetime.datetime(2024, 4, 10, 22, 10, 24, 798407), 5.5)
2024-04-10 23:10:24,813 | DEBUG | transcriber.transcriber_service | Starting transcription for file: data\recordings\2024-04-10_23-10-24.wav
2024-04-10 23:10:24,813 | DEBUG | transcriber.transcriber_service | Processing audio file: data\recordings\2024-04-10_23-10-24.wav
2024-04-10 23:10:24,813 | DEBUG | recorder.audio_segment_manager | Audio buffer reset after processing.
2024-04-10 23:10:25,202 | INFO | transcriber.transcriber_service | Audio file processed successfully.
2024-04-10 23:10:27,501 | INFO | transcriber.transcriber_service | ###### Transcription Finish Time: 2024-04-10 22:10:27.501259
2024-04-10 23:10:27,501 | INFO | transcriber.transcriber_service | ###### Speech End Time: 2024-04-10 22:10:24.798407
2024-04-10 23:10:27,501 | INFO | transcriber.transcriber_service | ###### Transcription time: 0:00:02.702852 seconds
2024-04-10 23:10:27,501 | INFO | transcriber.transcriber_service | ###### Transcription result: What are some of the current trends or key challenges that enterprise businesses face in regards to tax compliance?
2024-04-10 23:10:27,502 | DEBUG | transcriber.transcriber_service | Sending data to Supabase API at http://192.168.1.26:8000/rest/v1/transcriptions_table
2024-04-10 23:10:27,502 | DEBUG | transcriber.transcriber_service | Request Headers: {'apikey': 'eyJhbGciOiJIUzI1NiIsInR5cCI6IkpXVCJ9.ewogICJyb2xlIjogInNlcnZpY2Vfcm9sZSIsCiAgImlzcyI6ICJzdXBhYmFzZSIsCiAgImlhdCI6IDE3MDY5MTg0MDAsCiAgImV4cCI6IDE4NjQ3NzEyMDAKfQ.I6ZIUDFnXtjzNjkLPj_1B8BThU9ZdrNaZhXpG-5_KeA', 'Authorization': 'Bearer eyJhbGciOiJIUzI1NiIsInR5cCI6IkpXVCJ9.ewogICJyb2xlIjogInNlcnZpY2Vfcm9sZSIsCiAgImlzcyI6ICJzdXBhYmFzZSIsCiAgImlhdCI6IDE3MDY5MTg0MDAsCiAgImV4cCI6IDE4NjQ3NzEyMDAKfQ.I6ZIUDFnXtjzNjkLPj_1B8BThU9ZdrNaZhXpG-5_KeA', 'Content-Type': 'application/json', 'Prefer': 'return=minimal'}
2024-04-10 23:10:27,502 | DEBUG | transcriber.transcriber_service | Request Payload: {"content": "What are some of the current trends or key challenges that enterprise businesses face in regards to tax compliance?", "speech_end_timestamp": "2024-04-10T22:10:24.798407", "transcription_time": 2.702852}
2024-04-10 23:10:27,505 | DEBUG | urllib3.connectionpool | Starting new HTTP connection (1): 192.168.1.26:8000
2024-04-10 23:10:27,616 | DEBUG | urllib3.connectionpool | http://192.168.1.26:8000 "POST /rest/v1/transcriptions_table HTTP/1.1" 201 None
2024-04-10 23:10:27,617 | DEBUG | transcriber.transcriber_service | Response Status Code: 201
2024-04-10 23:10:27,617 | DEBUG | transcriber.transcriber_service | Response Body: 
2024-04-10 23:10:27,618 | DEBUG | __mp_main__ | Transcription for data\recordings\2024-04-10_23-10-24.wav completed.
2024-04-10 23:10:27,618 | DEBUG | __mp_main__ | Waiting for file_path from queue...
2024-04-10 23:10:44,790 | INFO | recorder.audio_segment_manager | Speech detected for the first time.
2024-04-10 23:10:51,291 | INFO | recorder.audio_segment_manager | ###### Speech Finish Time: 2024-04-10 22:10:51.291909
2024-04-10 23:10:51,292 | DEBUG | recorder.audio_segment_manager | Created filename for recording: data\recordings\2024-04-10_23-10-51.wav
2024-04-10 23:10:51,315 | INFO | recorder.audio_segment_manager | Audio segment saved: data\recordings\2024-04-10_23-10-51.wav
2024-04-10 23:10:51,316 | INFO | recorder.audio_segment_manager | Buffer saved to Transcription Queue | File Path: data\recordings\2024-04-10_23-10-51.wav
2024-04-10 23:10:51,317 | INFO | recorder.audio_segment_manager | Buffer sent for transcription | Buffer Length: 5.5 seconds
2024-04-10 23:10:51,317 | DEBUG | __mp_main__ | Received file_path from queue: ('data\\recordings\\2024-04-10_23-10-51.wav', datetime.datetime(2024, 4, 10, 22, 10, 51, 291909), 5.5)
2024-04-10 23:10:51,317 | DEBUG | transcriber.transcriber_service | Starting transcription for file: data\recordings\2024-04-10_23-10-51.wav
2024-04-10 23:10:51,318 | DEBUG | transcriber.transcriber_service | Processing audio file: data\recordings\2024-04-10_23-10-51.wav
2024-04-10 23:10:51,317 | DEBUG | recorder.audio_buffer | Clearing audio buffer
2024-04-10 23:10:51,322 | DEBUG | recorder.audio_segment_manager | Audio buffer reset after processing.
2024-04-10 23:10:51,578 | INFO | transcriber.transcriber_service | Audio file processed successfully.
2024-04-10 23:10:53,851 | INFO | transcriber.transcriber_service | ###### Transcription Finish Time: 2024-04-10 22:10:53.851568
2024-04-10 23:10:53,852 | INFO | transcriber.transcriber_service | ###### Speech End Time: 2024-04-10 22:10:51.291909
2024-04-10 23:10:53,852 | INFO | transcriber.transcriber_service | ###### Transcription time: 0:00:02.559659 seconds
2024-04-10 23:10:53,852 | INFO | transcriber.transcriber_service | ###### Transcription result: What are some of the current trends or key challenges that enterprise businesses face in regards to tax compliance?
2024-04-10 23:10:53,852 | DEBUG | transcriber.transcriber_service | Sending data to Supabase API at http://192.168.1.26:8000/rest/v1/transcriptions_table
2024-04-10 23:10:53,852 | DEBUG | transcriber.transcriber_service | Request Headers: {'apikey': 'eyJhbGciOiJIUzI1NiIsInR5cCI6IkpXVCJ9.ewogICJyb2xlIjogInNlcnZpY2Vfcm9sZSIsCiAgImlzcyI6ICJzdXBhYmFzZSIsCiAgImlhdCI6IDE3MDY5MTg0MDAsCiAgImV4cCI6IDE4NjQ3NzEyMDAKfQ.I6ZIUDFnXtjzNjkLPj_1B8BThU9ZdrNaZhXpG-5_KeA', 'Authorization': 'Bearer eyJhbGciOiJIUzI1NiIsInR5cCI6IkpXVCJ9.ewogICJyb2xlIjogInNlcnZpY2Vfcm9sZSIsCiAgImlzcyI6ICJzdXBhYmFzZSIsCiAgImlhdCI6IDE3MDY5MTg0MDAsCiAgImV4cCI6IDE4NjQ3NzEyMDAKfQ.I6ZIUDFnXtjzNjkLPj_1B8BThU9ZdrNaZhXpG-5_KeA', 'Content-Type': 'application/json', 'Prefer': 'return=minimal'}
2024-04-10 23:10:53,853 | DEBUG | transcriber.transcriber_service | Request Payload: {"content": "What are some of the current trends or key challenges that enterprise businesses face in regards to tax compliance?", "speech_end_timestamp": "2024-04-10T22:10:51.291909", "transcription_time": 2.559659}
2024-04-10 23:10:53,855 | DEBUG | urllib3.connectionpool | Starting new HTTP connection (1): 192.168.1.26:8000
2024-04-10 23:10:53,949 | DEBUG | urllib3.connectionpool | http://192.168.1.26:8000 "POST /rest/v1/transcriptions_table HTTP/1.1" 201 None
2024-04-10 23:10:53,951 | DEBUG | transcriber.transcriber_service | Response Status Code: 201
2024-04-10 23:10:53,951 | DEBUG | transcriber.transcriber_service | Response Body: 
2024-04-10 23:10:53,951 | DEBUG | __mp_main__ | Transcription for data\recordings\2024-04-10_23-10-51.wav completed.
2024-04-10 23:10:53,952 | DEBUG | __mp_main__ | Waiting for file_path from queue...
2024-04-10 23:11:52,028 | INFO | utils.utils | Signal received. Initiating shutdown sequence...
2024-04-10 23:11:52,028 | INFO | __main__ | KeyboardInterrupt received. Stopping processes.
2024-04-10 23:11:52,029 | INFO | __main__ | Termination signal sent to transcription worker.
2024-04-10 23:11:52,029 | INFO | __main__ | Main application terminated.
2024-04-10 23:11:52,029 | ERROR | __mp_main__ | Error occurred in transcription worker: 'Queue' object has no attribute 'Empty'
Traceback (most recent call last):
  File "C:\Users\markb\coding\full_stack_apps\advanced_ai_call_assistant\backend\main.py", line 31, in transcription_worker
    item = transcription_queue.get()
  File "C:\Users\markb\miniconda3\envs\advanced_ai_call_assistant\lib\multiprocessing\queues.py", line 103, in get
    res = self._recv_bytes()
  File "C:\Users\markb\miniconda3\envs\advanced_ai_call_assistant\lib\multiprocessing\connection.py", line 216, in recv_bytes
    buf = self._recv_bytes(maxlength)
  File "C:\Users\markb\miniconda3\envs\advanced_ai_call_assistant\lib\multiprocessing\connection.py", line 305, in _recv_bytes
    waitres = _winapi.WaitForMultipleObjects(
KeyboardInterrupt

During handling of the above exception, another exception occurred:

Traceback (most recent call last):
  File "C:\Users\markb\coding\full_stack_apps\advanced_ai_call_assistant\backend\main.py", line 53, in transcription_worker
    except transcription_queue.Empty:
AttributeError: 'Queue' object has no attribute 'Empty'
2024-04-10 23:11:52,064 | DEBUG | __mp_main__ | Worker main function ended.
2024-04-10 23:11:57,802 | INFO | utils.utils | Signal received. Initiating shutdown sequence...
